
Обрабатываем D:\netBeans\project\i\twain-scanner\install\TWAIN@Web Standalone.ci 11.06.2017 22:09:40
Лог-файл: D:\netBeans\project\i\twain-scanner\install\TWAIN@Web Standalone.log 
Генерация исходников... 
Компиляции Gentee исходников... 
Создание файла установки: D:\netBeans\project\i\twain-scanner\install\TWAIN@Web-iGov-setup.exe 
Добавление temporary файла(ов) к EXE 
C:\Users\YmNIK\AppData\Local\Temp\gentee01\ukrainian.lng 11.06.2017 22:09:40 6643  41.81%
C:\Users\YmNIK\AppData\Local\Temp\gentee01\english.lng 11.06.2017 22:09:40 4183  45.82%
C:\Users\YmNIK\AppData\Local\Temp\gentee01\russian.lng 11.06.2017 22:09:40 6878  41.11%
C:\Program Files (x86)\CreateInstall Free\res\leftimg\uninstall\green-uninstall.bmp 12.03.2008 11:34:02 20680  24.97%
D:\netBeans\project\i\twain-scanner\install\TwainWebIcon.bmp 11.06.2017 17:21:19 12342  71.75%
C:\Program Files (x86)\CreateInstall Free\res\leftimg\install\install - 1.bmp 10.11.2002 11:56:02 20678  33.44%
D:\netBeans\project\i\twain-scanner\install\TwainWebIcon.ico 08.06.2017 11:10:12 148200  69.92%
Создание файла установки: C:\Users\YmNIK\AppData\Local\Temp\gentee01\uninstall.exe 
Добавление uninstall файла(ов) к EXE 
Получение списка файлов 
Упаковка файлов... 
================================ 
D:\netBeans\project\i\twain-scanner\sources\TwainWeb.Standalone\bin\Release\TwainWeb.ServiceManager.exe 11.06.2017 19:59:09 13312  45.38%
D:\netBeans\project\i\twain-scanner\sources\TwainWeb.Standalone\bin\Release\Files\bat\publish_release.bat 11.06.2017 19:54:59 358  45.53%
D:\netBeans\project\i\twain-scanner\sources\TwainWeb.Standalone\bin\Release\Files\Content\Home\images\icon-count-scans.png 11.06.2017 19:54:59 1327  82.66%
D:\netBeans\project\i\twain-scanner\sources\TwainWeb.Standalone\bin\Release\Files\Content\Home\images\icon-dpi.png 11.06.2017 19:54:59 449  94.65%
D:\netBeans\project\i\twain-scanner\sources\TwainWeb.Standalone\bin\Release\Files\Content\Home\images\icon-name.png 11.06.2017 19:54:59 411  95.13%
D:\netBeans\project\i\twain-scanner\sources\TwainWeb.Standalone\bin\Release\Files\Content\Home\images\icon-number.png 11.06.2017 19:55:00 516  101.74%
D:\netBeans\project\i\twain-scanner\sources\TwainWeb.Standalone\bin\Release\Files\Content\Home\images\icon-timeout.png 11.06.2017 19:54:59 1371  83.58%
D:\netBeans\project\i\twain-scanner\sources\TwainWeb.Standalone\bin\Release\Files\Content\Home\images\photo.jpg 11.06.2017 19:55:00 93806  94.47%
D:\netBeans\project\i\twain-scanner\sources\TwainWeb.Standalone\bin\Release\Files\Content\Home\Scan.css 11.06.2017 19:55:00 4669  32.61%
D:\netBeans\project\i\twain-scanner\sources\TwainWeb.Standalone\bin\Release\Files\Content\images\dev-in-unit6.png 11.06.2017 19:54:59 21246  36.34%
D:\netBeans\project\i\twain-scanner\sources\TwainWeb.Standalone\bin\Release\Files\Content\images\glyphicons-halflings-white.png 11.06.2017 19:55:00 8777  97.60%
D:\netBeans\project\i\twain-scanner\sources\TwainWeb.Standalone\bin\Release\Files\Content\images\glyphicons-halflings.png 11.06.2017 19:54:59 12799  100.07%
D:\netBeans\project\i\twain-scanner\sources\TwainWeb.Standalone\bin\Release\Files\Content\images\loadingGreen.gif 11.06.2017 19:54:59 1560  59.67%
D:\netBeans\project\i\twain-scanner\sources\TwainWeb.Standalone\bin\Release\Files\Content\images\photo.jpg 11.06.2017 19:55:00 727003  86.07%
D:\netBeans\project\i\twain-scanner\sources\TwainWeb.Standalone\bin\Release\Files\Content\bootstrap-3.3.5.min.css 11.06.2017 19:55:00 122540  18.89%
D:\netBeans\project\i\twain-scanner\sources\TwainWeb.Standalone\bin\Release\Files\Content\bootstrap-responsive.min.css 11.06.2017 19:54:59 16849  24.56%
D:\netBeans\project\i\twain-scanner\sources\TwainWeb.Standalone\bin\Release\Files\Content\Site.css 11.06.2017 19:54:59 4345  27.04%
D:\netBeans\project\i\twain-scanner\sources\TwainWeb.Standalone\bin\Release\Files\Scripts\bootstrap-3.3.5.min.js 11.06.2017 19:55:00 41551  28.04%
D:\netBeans\project\i\twain-scanner\sources\TwainWeb.Standalone\bin\Release\Files\Scripts\jquery-1.9.1.min.js 11.06.2017 19:54:59 92632  37.73%
D:\netBeans\project\i\twain-scanner\sources\TwainWeb.Standalone\bin\Release\Files\Scripts\modernizr-2.6.2.js 11.06.2017 19:55:00 50144  34.81%
D:\netBeans\project\i\twain-scanner\sources\TwainWeb.Standalone\bin\Release\Files\index.html 11.06.2017 20:58:12 34301  21.94%
D:\netBeans\project\i\twain-scanner\sources\TwainWeb.Standalone\bin\Release\Files\Readme.txt 11.06.2017 19:55:00 901  46.94%
D:\netBeans\project\i\twain-scanner\sources\TwainWeb.Standalone\bin\Release\Interop.NetFwTypeLib.dll 11.06.2017 19:59:11 19456  39.75%
D:\netBeans\project\i\twain-scanner\sources\TwainWeb.Standalone\bin\Release\Interop.WIA.dll 11.06.2017 19:59:11 45056  31.47%
D:\netBeans\project\i\twain-scanner\sources\TwainWeb.Standalone\bin\Release\log4net.dll 08.03.2017 20:26:22 278528  38.84%
D:\netBeans\project\i\twain-scanner\sources\TwainWeb.Standalone\bin\Release\PdfSharp.dll 11.06.2017 22:01:50 536576  41.14%
D:\netBeans\project\i\twain-scanner\sources\TwainWeb.Standalone\bin\Release\TwainDotNet.dll 11.06.2017 22:01:47 60928  43.40%
D:\netBeans\project\i\twain-scanner\sources\TwainWeb.Standalone\bin\Release\TwainDotNet.WinFroms.dll 11.06.2017 22:01:50 5120  29.19%
Дубликат: D:\netBeans\project\i\twain-scanner\sources\TwainWeb.Standalone\bin\Release\TwainWeb.ServiceManager.exe 
D:\netBeans\project\i\twain-scanner\sources\TwainWeb.Standalone\bin\Release\TwainWeb.ServiceManager.exe 11.06.2017 19:59:09 13312  37.34%
D:\netBeans\project\i\twain-scanner\sources\TwainWeb.Standalone\bin\Release\TwainWeb.Standalone.exe 11.06.2017 22:01:57 421376  38.50%
D:\netBeans\project\i\twain-scanner\sources\TwainWeb.Standalone\bin\Release\TwainWeb.Standalone.exe.config 11.06.2017 21:37:06 2659  28.31%
================================ 
Все файлы: 31 [ 2572KB => 1370KB ] 
Размер файла D:\netBeans\project\i\twain-scanner\install\TWAIN@Web-iGov-setup.exe: 1599 KB 
Успешное окончание 11.06.2017 22:09:43